[2020-03-30 20:11:26] Текст ошибки: {$message} | Файл: {$file} Строка: {$line}
====================
[2020-03-30 20:11:26] Текст ошибки: {$message} | Файл: {$file} Строка: {$line}
====================
[2020-03-30 20:12:17] Текст ошибки: {$message} | Файл: {$file} Строка: {$line}
====================
[2020-03-30 20:12:17] Текст ошибки: {$message} | Файл: {$file} Строка: {$line}
====================
[2020-03-30 20:12:33] Текст ошибки: {$message} | Файл: {$file} Строка: {$line}
====================
[2020-03-30 20:12:53] Текст ошибки: {$message} | Файл: {$file} Строка: {$line}
====================
[2020-03-30 20:16:44] Текст ошибки: Страница не найдена | Файл: D:\OSPanel\domains\myshop\public\index.php Строка: 12
====================
[2020-03-30 20:17:06] Текст ошибки: Страница не найдена | Файл: D:\OSPanel\domains\myshop\public\index.php Строка: 12
====================
[2020-03-30 21:02:16] Текст ошибки: Страница не найдена | Файл: D:\OSPanel\domains\myshop\public\index.php Строка: 12
====================
[2020-03-30 21:09:41] Текст ошибки: Страница не найдена | Файл: D:\OSPanel\domains\myshop\public\index.php Строка: 12
====================
[2020-03-30 21:09:44] Текст ошибки: Страница не найдена | Файл: D:\OSPanel\domains\myshop\public\index.php Строка: 12
====================
[2020-03-30 21:09:44] Текст ошибки: Страница не найдена | Файл: D:\OSPanel\domains\myshop\public\index.php Строка: 12
====================
[2020-03-30 21:09:53] Текст ошибки: Страница не найдена | Файл: D:\OSPanel\domains\myshop\public\index.php Строка: 12
====================
[2020-03-30 21:09:56] Текст ошибки: Страница не найдена | Файл: D:\OSPanel\domains\myshop\public\index.php Строка: 12
====================
[2020-03-30 21:20:39] Текст ошибки: Страница не найдена | Файл: D:\OSPanel\domains\myshop\public\index.php Строка: 12
====================
[2020-03-30 21:21:54] Текст ошибки: Страница не найдена | Файл: D:\OSPanel\domains\myshop\public\index.php Строка: 12
====================
[2020-03-30 21:22:28] Текст ошибки: Страница не найдена | Файл: D:\OSPanel\domains\myshop\public\index.php Строка: 12
====================
[2020-03-30 21:23:50] Текст ошибки: Страница не найдена | Файл: D:\OSPanel\domains\myshop\public\index.php Строка: 12
====================
[2020-03-30 21:42:30] Текст ошибки: Страница не найдена | Файл: D:\OSPanel\domains\myshop\public\index.php Строка: 12
====================
[2020-03-31 15:10:04] Текст ошибки: Страница не найдена | Файл: D:\OSPanel\domains\myshop\public\index.php Строка: 12
====================
[2020-03-31 15:10:04] Текст ошибки: Страница не найдена | Файл: D:\OSPanel\domains\myshop\public\index.php Строка: 12
====================
[2020-03-31 15:10:15] Текст ошибки: Страница не найдена | Файл: D:\OSPanel\domains\myshop\public\index.php Строка: 12
====================
[2020-03-31 15:10:15] Текст ошибки: Страница не найдена | Файл: D:\OSPanel\domains\myshop\public\index.php Строка: 12
====================
[2020-03-31 15:52:26] Текст ошибки: Страница не найдена | Файл: D:\OSPanel\domains\myshop\public\index.php Строка: 12
====================
[2020-03-31 15:52:26] Текст ошибки: Страница не найдена | Файл: D:\OSPanel\domains\myshop\public\index.php Строка: 12
====================
[2020-03-31 18:18:25] Текст ошибки: Страница не найдена | Файл: D:\OSPanel\domains\myshop\vendor\ishop\core\Router.php Строка: 36
====================
[2020-03-31 18:18:34] Текст ошибки: Страница не найдена | Файл: D:\OSPanel\domains\myshop\vendor\ishop\core\Router.php Строка: 36
====================
[2020-03-31 18:18:40] Текст ошибки: Страница не найдена | Файл: D:\OSPanel\domains\myshop\vendor\ishop\core\Router.php Строка: 36
====================
[2020-03-31 18:19:17] Текст ошибки: Страница не найдена | Файл: D:\OSPanel\domains\myshop\vendor\ishop\core\Router.php Строка: 36
====================
[2020-03-31 18:23:19] Текст ошибки: Страница не найдена | Файл: D:\OSPanel\domains\myshop\vendor\ishop\core\Router.php Строка: 36
====================
[2020-03-31 19:22:27] Текст ошибки: Контроллер  не найден | Файл: D:\OSPanel\domains\myshop\vendor\ishop\core\Router.php Строка: 61
====================
[2020-03-31 19:26:43] Текст ошибки: Контроллер  не найден | Файл: D:\OSPanel\domains\myshop\vendor\ishop\core\Router.php Строка: 62
====================
[2020-03-31 19:27:23] Текст ошибки: Контроллер {$controller} не найден | Файл: D:\OSPanel\domains\myshop\vendor\ishop\core\Router.php Строка: 62
====================
[2020-03-31 19:27:40] Текст ошибки: Контроллер  не найден | Файл: D:\OSPanel\domains\myshop\vendor\ishop\core\Router.php Строка: 62
====================
[2020-03-31 19:27:48] Текст ошибки: Контроллер  не найден | Файл: D:\OSPanel\domains\myshop\vendor\ishop\core\Router.php Строка: 62
====================
[2020-03-31 19:27:49] Текст ошибки: Контроллер  не найден | Файл: D:\OSPanel\domains\myshop\vendor\ishop\core\Router.php Строка: 62
====================
[2020-03-31 19:31:12] Текст ошибки: Контроллер app\controllers\Controller не найден | Файл: D:\OSPanel\domains\myshop\vendor\ishop\core\Router.php Строка: 39
====================
[2020-03-31 19:31:30] Текст ошибки: Контроллер app\controllers\Controller не найден | Файл: D:\OSPanel\domains\myshop\vendor\ishop\core\Router.php Строка: 39
====================
[2020-03-31 19:32:42] Текст ошибки: Контроллер app\controllers\Controller не найден | Файл: D:\OSPanel\domains\myshop\vendor\ishop\core\Router.php Строка: 39
====================
[2020-03-31 19:34:50] Текст ошибки: Контроллерapp\controllers\Controllerне найден | Файл: D:\OSPanel\domains\myshop\vendor\ishop\core\Router.php Строка: 39
====================
[2020-03-31 19:35:02] Текст ошибки: Контроллер app\controllers\Controller не найден | Файл: D:\OSPanel\domains\myshop\vendor\ishop\core\Router.php Строка: 39
====================
[2020-03-31 19:37:11] Текст ошибки: Контроллер app\controllers\Controller не найден | Файл: D:\OSPanel\domains\myshop\vendor\ishop\core\Router.php Строка: 39
====================
[2020-03-31 19:37:13] Текст ошибки: Контроллер app\controllers\Controller не найден | Файл: D:\OSPanel\domains\myshop\vendor\ishop\core\Router.php Строка: 39
====================
[2020-03-31 19:42:35] Текст ошибки: Страница не найдена | Файл: D:\OSPanel\domains\myshop\vendor\ishop\core\Router.php Строка: 42
====================
[2020-03-31 19:42:40] Текст ошибки: Страница не найдена | Файл: D:\OSPanel\domains\myshop\vendor\ishop\core\Router.php Строка: 42
====================
[2020-03-31 19:42:48] Текст ошибки: Страница не найдена | Файл: D:\OSPanel\domains\myshop\vendor\ishop\core\Router.php Строка: 42
====================
[2020-04-01 18:44:07] Текст ошибки: Страница не найдена | Файл: D:\OSPanel\domains\myshop\vendor\ishop\core\Router.php Строка: 42
====================
[2020-04-01 18:46:13] Текст ошибки: Контроллер app\controllers\MainController не найден | Файл: D:\OSPanel\domains\myshop\vendor\ishop\core\Router.php Строка: 39
====================
[2020-04-01 18:47:55] Текст ошибки: Контроллер app\controllers\Controller не найден | Файл: D:\OSPanel\domains\myshop\vendor\ishop\core\Router.php Строка: 39
====================
[2020-04-01 18:47:57] Текст ошибки: Контроллер app\controllers\Controller не найден | Файл: D:\OSPanel\domains\myshop\vendor\ishop\core\Router.php Строка: 39
====================
[2020-04-01 18:48:00] Текст ошибки: Контроллер app\controllers\Controller не найден | Файл: D:\OSPanel\domains\myshop\vendor\ishop\core\Router.php Строка: 39
====================
[2020-04-01 18:48:11] Текст ошибки: Контроллер app\controllers\Controller не найден | Файл: D:\OSPanel\domains\myshop\vendor\ishop\core\Router.php Строка: 39
====================
[2020-04-01 18:48:26] Текст ошибки: Контроллер app\controllers\Controller не найден | Файл: D:\OSPanel\domains\myshop\vendor\ishop\core\Router.php Строка: 39
====================
[2020-04-01 18:48:29] Текст ошибки: Контроллер app\controllers\Controller не найден | Файл: D:\OSPanel\domains\myshop\vendor\ishop\core\Router.php Строка: 39
====================
[2020-04-01 18:48:44] Текст ошибки: Контроллер app\controllers\page-dsdsController не найден | Файл: D:\OSPanel\domains\myshop\vendor\ishop\core\Router.php Строка: 39
====================
[2020-04-01 18:50:34] Текст ошибки: Контроллер app\controllers\page dsdsController не найден | Файл: D:\OSPanel\domains\myshop\vendor\ishop\core\Router.php Строка: 39
====================
[2020-04-01 18:51:26] Текст ошибки: Контроллер app\controllers\PageDsdsController не найден | Файл: D:\OSPanel\domains\myshop\vendor\ishop\core\Router.php Строка: 39
====================
[2020-04-01 18:52:20] Текст ошибки: Контроллер app\controllers\PageDsdsController не найден | Файл: D:\OSPanel\domains\myshop\vendor\ishop\core\Router.php Строка: 39
====================
[2020-04-01 18:52:34] Текст ошибки: Страница не найдена | Файл: D:\OSPanel\domains\myshop\vendor\ishop\core\Router.php Строка: 42
====================
[2020-04-01 18:52:49] Текст ошибки: Контроллер app\controllers\PageController не найден | Файл: D:\OSPanel\domains\myshop\vendor\ishop\core\Router.php Строка: 39
====================
[2020-04-01 18:52:58] Текст ошибки: Страница не найдена | Файл: D:\OSPanel\domains\myshop\vendor\ishop\core\Router.php Строка: 42
====================
[2020-04-01 18:53:11] Текст ошибки: Контроллер app\controllers\PageController не найден | Файл: D:\OSPanel\domains\myshop\vendor\ishop\core\Router.php Строка: 39
====================
[2020-04-01 18:53:42] Текст ошибки: Страница не найдена | Файл: D:\OSPanel\domains\myshop\vendor\ishop\core\Router.php Строка: 42
====================
[2020-04-01 18:53:43] Текст ошибки: Контроллер app\controllers\PageController не найден | Файл: D:\OSPanel\domains\myshop\vendor\ishop\core\Router.php Строка: 39
====================
[2020-04-01 18:54:22] Текст ошибки: Контроллер app\controllers\PageController не найден | Файл: D:\OSPanel\domains\myshop\vendor\ishop\core\Router.php Строка: 39
====================
[2020-04-01 18:54:33] Текст ошибки: Контроллер app\controllers\PageController не найден | Файл: D:\OSPanel\domains\myshop\vendor\ishop\core\Router.php Строка: 39
====================
[2020-04-01 18:54:37] Текст ошибки: Контроллер app\controllers\PageController не найден | Файл: D:\OSPanel\domains\myshop\vendor\ishop\core\Router.php Строка: 39
====================
[2020-04-01 18:54:50] Текст ошибки: Контроллер app\controllers\PageController не найден | Файл: D:\OSPanel\domains\myshop\vendor\ishop\core\Router.php Строка: 39
====================
[2020-04-01 18:54:53] Текст ошибки: Контроллер app\controllers\PageController не найден | Файл: D:\OSPanel\domains\myshop\vendor\ishop\core\Router.php Строка: 39
====================
[2020-04-01 18:55:14] Текст ошибки: Контроллер app\controllers\PageController не найден | Файл: D:\OSPanel\domains\myshop\vendor\ishop\core\Router.php Строка: 39
====================
[2020-04-01 18:55:18] Текст ошибки: Контроллер app\controllers\PageController не найден | Файл: D:\OSPanel\domains\myshop\vendor\ishop\core\Router.php Строка: 39
====================
[2020-04-01 18:56:04] Текст ошибки: Контроллер app\controllers\PageController не найден | Файл: D:\OSPanel\domains\myshop\vendor\ishop\core\Router.php Строка: 39
====================
[2020-04-01 18:56:06] Текст ошибки: Контроллер app\controllers\MainController не найден | Файл: D:\OSPanel\domains\myshop\vendor\ishop\core\Router.php Строка: 39
====================
[2020-04-01 18:56:08] Текст ошибки: Контроллер app\controllers\MainController не найден | Файл: D:\OSPanel\domains\myshop\vendor\ishop\core\Router.php Строка: 39
====================
[2020-04-01 19:00:15] Текст ошибки: Контроллер app\controllers\MainController не найден | Файл: D:\OSPanel\domains\myshop\vendor\ishop\core\Router.php Строка: 39
====================
[2020-04-01 19:22:13] Текст ошибки: Контроллер app\controllers\DsdsController не найден | Файл: D:\OSPanel\domains\myshop\vendor\ishop\core\Router.php Строка: 44
====================
[2020-04-01 19:22:20] Текст ошибки: Контроллер app\controllers\MainController не найден | Файл: D:\OSPanel\domains\myshop\vendor\ishop\core\Router.php Строка: 44
====================
[2020-04-01 19:25:56] Текст ошибки: Access to undeclared static property: app\controllers\PageController::$action | Файл: D:\OSPanel\domains\myshop\vendor\ishop\core\Router.php Строка: 41
====================
[2020-04-01 19:26:04] Текст ошибки: Access to undeclared static property: app\controllers\PageController::$action | Файл: D:\OSPanel\domains\myshop\vendor\ishop\core\Router.php Строка: 41
====================
[2020-04-01 19:27:52] Текст ошибки: Метод  не найден | Файл: D:\OSPanel\domains\myshop\vendor\ishop\core\Router.php Строка: 41
====================
[2020-04-01 19:28:15] Текст ошибки: Access to undeclared static property: app\controllers\PageController::$action | Файл: D:\OSPanel\domains\myshop\vendor\ishop\core\Router.php Строка: 41
====================
[2020-04-01 19:29:26] Текст ошибки: Метод app\controllers\PageController::indexAction не найден | Файл: D:\OSPanel\domains\myshop\vendor\ishop\core\Router.php Строка: 41
====================
[2020-04-01 19:30:12] Текст ошибки: Метод app\controllers\PageController::indexAction не найден | Файл: D:\OSPanel\domains\myshop\vendor\ishop\core\Router.php Строка: 41
====================
[2020-04-01 19:32:08] Текст ошибки: Метод app\controllers\PageController::indexAction не найден | Файл: D:\OSPanel\domains\myshop\vendor\ishop\core\Router.php Строка: 41
====================
[2020-04-01 19:35:27] Текст ошибки: Метод app\controllers\PageController::viewsdAction не найден | Файл: D:\OSPanel\domains\myshop\vendor\ishop\core\Router.php Строка: 41
====================
[2020-04-01 19:35:36] Текст ошибки: Контроллер app\controllers\PagedsController не найден | Файл: D:\OSPanel\domains\myshop\vendor\ishop\core\Router.php Строка: 44
====================
[2020-04-01 19:36:17] Текст ошибки: Страница не найдена | Файл: D:\OSPanel\domains\myshop\vendor\ishop\core\Router.php Строка: 47
====================
[2020-04-06 11:22:47] Текст ошибки: Страница не найдена | Файл: D:\OSPanel\domains\myshop\vendor\ishop\core\Router.php Строка: 47
====================
[2020-04-06 11:54:20] Текст ошибки: Метод app\controllers\MainController::indexAction не найден | Файл: D:\OSPanel\domains\myshop\vendor\ishop\core\Router.php Строка: 41
====================
[2020-04-06 14:23:57] Текст ошибки: Метод app\controllers\PageController::indexAction не найден | Файл: D:\OSPanel\domains\myshop\vendor\ishop\core\Router.php Строка: 45
====================
[2020-04-06 14:24:01] Текст ошибки: Метод app\controllers\PageController::indexAction не найден | Файл: D:\OSPanel\domains\myshop\vendor\ishop\core\Router.php Строка: 45
====================
[2020-04-06 14:24:05] Текст ошибки: Call to undefined method app\controllers\PageController::getView() | Файл: D:\OSPanel\domains\myshop\vendor\ishop\core\Router.php Строка: 43
====================
[2020-04-06 14:28:32] Текст ошибки: Контроллер app\controllers\WController не найден | Файл: D:\OSPanel\domains\myshop\vendor\ishop\core\Router.php Строка: 48
====================
[2020-04-06 14:56:23] Текст ошибки: Не найден шаблон test2 | Файл: D:\OSPanel\domains\myshop\vendor\ishop\core\base\View.php Строка: 45
====================
[2020-04-06 16:45:16] Текст ошибки: Страница не найдена | Файл: D:\OSPanel\domains\myshop\vendor\ishop\core\Router.php Строка: 51
====================
[2020-04-06 16:50:54] Текст ошибки: Страница не найдена | Файл: D:\OSPanel\domains\myshop\vendor\ishop\core\Router.php Строка: 52
====================
[2020-04-06 16:55:09] Текст ошибки: Страница не найдена | Файл: D:\OSPanel\domains\myshop\vendor\ishop\core\Router.php Строка: 52
====================
[2020-04-06 16:55:27] Текст ошибки: Страница не найдена | Файл: D:\OSPanel\domains\myshop\vendor\ishop\core\Router.php Строка: 52
====================
[2020-04-06 17:00:28] Текст ошибки: Страница не найдена | Файл: D:\OSPanel\domains\myshop\vendor\ishop\core\Router.php Строка: 53
====================
[2020-04-06 17:00:45] Текст ошибки: Страница не найдена | Файл: D:\OSPanel\domains\myshop\vendor\ishop\core\Router.php Строка: 53
====================
[2020-04-06 17:01:08] Текст ошибки: Call to undefined method app\controllers\PageController::getView() | Файл: D:\OSPanel\domains\myshop\vendor\ishop\core\Router.php Строка: 45
====================
[2020-04-06 17:04:37] Текст ошибки: Не найден файл D:\OSPanel\domains\myshop/app/views/Page/view.php | Файл: D:\OSPanel\domains\myshop\vendor\ishop\core\base\View.php Строка: 41
====================
[2020-04-06 18:21:16] Текст ошибки: Class 'R' not found | Файл: D:\OSPanel\domains\myshop\vendor\ishop\core\Db.php Строка: 14
====================
[2020-04-06 18:25:45] Текст ошибки: Class 'R' not found | Файл: D:\OSPanel\domains\myshop\vendor\ishop\core\Db.php Строка: 14
====================
[2020-04-06 18:26:13] Текст ошибки: syntax error, unexpected 'use' (T_USE) | Файл: D:\OSPanel\domains\myshop\vendor\ishop\core\Db.php Строка: 12
====================
[2020-04-06 18:30:31] Текст ошибки: Страница не найдена | Файл: D:\OSPanel\domains\myshop\vendor\ishop\core\Router.php Строка: 52
====================
[2020-04-06 18:32:32] Текст ошибки: SQLSTATE[3D000]: Invalid catalog name: 1046 No database selected | Файл: D:\OSPanel\domains\myshop\vendor\gabordemooij\redbean\RedBeanPHP\Driver\RPDO.php Строка: 194
====================
[2020-04-06 18:33:21] Текст ошибки: SQLSTATE[3D000]: Invalid catalog name: 1046 No database selected | Файл: D:\OSPanel\domains\myshop\vendor\gabordemooij\redbean\RedBeanPHP\Driver\RPDO.php Строка: 194
====================
[2020-04-06 18:38:24] Текст ошибки: SQLSTATE[3D000]: Invalid catalog name: 1046 No database selected | Файл: D:\OSPanel\domains\myshop\vendor\gabordemooij\redbean\RedBeanPHP\Driver\RPDO.php Строка: 194
====================
[2020-04-06 18:40:22] Текст ошибки: SQLSTATE[3D000]: Invalid catalog name: 1046 No database selected | Файл: D:\OSPanel\domains\myshop\vendor\gabordemooij\redbean\RedBeanPHP\Driver\RPDO.php Строка: 194
====================
[2020-04-06 18:40:28] Текст ошибки: SQLSTATE[3D000]: Invalid catalog name: 1046 No database selected | Файл: D:\OSPanel\domains\myshop\vendor\gabordemooij\redbean\RedBeanPHP\Driver\RPDO.php Строка: 194
====================
[2020-04-06 18:45:52] Текст ошибки: SQLSTATE[3D000]: Invalid catalog name: 1046 No database selected | Файл: D:\OSPanel\domains\myshop\vendor\gabordemooij\redbean\RedBeanPHP\Driver\RPDO.php Строка: 194
====================
[2020-04-06 18:55:56] Текст ошибки: Class 'R' not found | Файл: D:\OSPanel\domains\myshop\vendor\ishop\core\Db.php Строка: 14
====================
[2020-04-06 18:56:23] Текст ошибки: Class 'R' not found | Файл: D:\OSPanel\domains\myshop\vendor\ishop\core\Db.php Строка: 14
====================
[2020-04-06 19:07:48] Текст ошибки: Class 'ishop\R' not found | Файл: D:\OSPanel\domains\myshop\vendor\ishop\core\Db.php Строка: 13
====================
[2020-04-06 19:08:18] Текст ошибки: Class 'app\controllers\R' not found | Файл: D:\OSPanel\domains\myshop\app\controllers\MainController.php Строка: 10
====================
[2020-04-06 19:08:50] Текст ошибки: SQLSTATE[3D000]: Invalid catalog name: 1046 No database selected | Файл: D:\OSPanel\domains\myshop\vendor\gabordemooij\redbean\RedBeanPHP\Driver\RPDO.php Строка: 194
====================
[2020-04-06 19:23:56] Текст ошибки: SQLSTATE[3D000]: Invalid catalog name: 1046 No database selected | Файл: D:\OSPanel\domains\myshop\vendor\gabordemooij\redbean\RedBeanPHP\Driver\RPDO.php Строка: 194
====================
[2020-04-06 19:26:40] Текст ошибки: SQLSTATE[3D000]: Invalid catalog name: 1046 No database selected | Файл: D:\OSPanel\domains\myshop\vendor\gabordemooij\redbean\RedBeanPHP\Driver\RPDO.php Строка: 194
====================
[2020-04-06 19:27:25] Текст ошибки: SQLSTATE[3D000]: Invalid catalog name: 1046 No database selected | Файл: D:\OSPanel\domains\myshop\vendor\gabordemooij\redbean\RedBeanPHP\Driver\RPDO.php Строка: 194
====================
